#
# A fatal error has been detected by the Java Runtime Environment:
#
#  EXCEPTION_ACCESS_VIOLATION (0xc0000005) at pc=0x000000006c32a6a5, pid=2476, tid=5036
#
# JRE version: Java(TM) SE Runtime Environment (8.0_31-b13) (build 1.8.0_31-b13)
# Java VM: Java HotSpot(TM) 64-Bit Server VM (25.31-b07 mixed mode windows-amd64 compressed oops)
# Problematic frame:
# V  [jvm.dll+0x11a6a5]
#
# Failed to write core dump. Minidumps are not enabled by default on client versions of Windows
#
# If you would like to submit a bug report, please visit:
#   http://bugreport.java.com/bugreport/crash.jsp
#

---------------  T H R E A D  ---------------

Current thread (0x0000000017595000):  JavaThread "JDWP Transport Listener: dt_socket" daemon [_thread_in_vm, id=5036, stack(0x0000000018dc0000,0x0000000018ec0000)]

siginfo: ExceptionCode=0xc0000005, reading address 0xffffffffffffffff

Registers:
RAX=0x0000000018ebf401, RBX=0x0000000017595000, RCX=0x657461642f74616d, RDX=0x0000000000000000
RSP=0x0000000018ebf480, RBP=0x657461642f74616d, RSI=0x0000000018ebf598, RDI=0x00000000028f9a00
R8 =0x0000000017595000, R9 =0x0000000000008000, R10=0x0000000000000000, R11=0x0000000018ebf77a
R12=0x0000000000000000, R13=0x000000001759ea58, R14=0x0000000000000000, R15=0x0000000000000000
RIP=0x000000006c32a6a5, EFLAGS=0x0000000000010202

Top of Stack: (sp=0x0000000018ebf480)
0x0000000018ebf480:   0000000017595000 0000000017595000
0x0000000018ebf490:   0000000018ebf548 000000006c527c1b
0x0000000018ebf4a0:   0000000017595000 000000006c54447d
0x0000000018ebf4b0:   0000000000000000 000000006be99149
0x0000000018ebf4c0:   000000001d24cdf0 000000006bea2912
0x0000000018ebf4d0:   0000000017595000 0000000000000000
0x0000000018ebf4e0:   0000000000000000 0000000000000000
0x0000000018ebf4f0:   657461642f74616d 000000006bea1a09
0x0000000018ebf500:   0000000018ebf598 0000000018ebf570
0x0000000018ebf510:   0000000000000001 000000001d24cdf0
0x0000000018ebf520:   657461642f74616d 000000006be853b3
0x0000000018ebf530:   0000000018ebf660 0000000000000001
0x0000000018ebf540:   0000000000000001 000000001d24cdf0
0x0000000018ebf550:   0000000000000002 0000000000000000
0x0000000018ebf560:   0000000000000000 0000000000000000
0x0000000018ebf570:   0000000000000001 000000006be85571 

Instructions: (pc=0x000000006c32a6a5)
0x000000006c32a685:   cc cc cc cc cc cc cc cc cc cc cc 48 83 ec 28 48
0x000000006c32a695:   85 c9 75 07 33 c0 48 83 c4 28 c3 48 89 5c 24 20
0x000000006c32a6a5:   48 8b 19 48 85 db 74 20 48 83 fb 37 74 1a 48 8b
0x000000006c32a6b5:   13 48 8b cb ff 52 10 84 c0 74 0d 48 8b c3 48 8b 


Register to memory mapping:

RAX=0x0000000018ebf401 is pointing into the stack for thread: 0x0000000017595000
RBX=0x0000000017595000 is a thread
RCX=0x657461642f74616d is an unknown value
RDX=0x0000000000000000 is an unknown value
RSP=0x0000000018ebf480 is pointing into the stack for thread: 0x0000000017595000
RBP=0x657461642f74616d is an unknown value
RSI=0x0000000018ebf598 is pointing into the stack for thread: 0x0000000017595000
RDI=0x00000000028f9a00 is an unknown value
R8 =0x0000000017595000 is a thread
R9 =0x0000000000008000 is an unknown value
R10=0x0000000000000000 is an unknown value
R11=0x0000000018ebf77a is pointing into the stack for thread: 0x0000000017595000
R12=0x0000000000000000 is an unknown value
R13=0x000000001759ea58 is an unknown value
R14=0x0000000000000000 is an unknown value
R15=0x0000000000000000 is an unknown value


Stack: [0x0000000018dc0000,0x0000000018ec0000],  sp=0x0000000018ebf480,  free space=1021k
Native frames: (J=compiled Java code, j=interpreted, Vv=VM code, C=native code)
V  [jvm.dll+0x11a6a5]
V  [jvm.dll+0x33447d]
C  [jdwp.dll+0x21a09]
C  [jdwp.dll+0x53b3]
C  [jdwp.dll+0x5571]
C  [jdwp.dll+0xf09c]
C  [jdwp.dll+0x1f2c9]
C  [jdwp.dll+0x1f49e]
V  [jvm.dll+0x1ac128]
V  [jvm.dll+0x22c194]
V  [jvm.dll+0x28576a]
C  [msvcr100.dll+0x21d9f]
C  [msvcr100.dll+0x21e3b]
C  [KERNEL32.DLL+0x13d2]
C  [ntdll.dll+0x703c4]


---------------  P R O C E S S  ---------------

Java Threads: ( => current thread )
  0x000000001e909800 JavaThread "http-8080-1" daemon [_thread_blocked, id=4624, stack(0x000000001fae0000,0x000000001fbe0000)]
  0x000000001d8e4000 JavaThread "http-8080-Acceptor-0" daemon [_thread_in_native, id=6172, stack(0x000000001f9e0000,0x000000001fae0000)]
  0x000000001c47a000 JavaThread "ContainerBackgroundProcessor[StandardEngine[localEngine]]" daemon [_thread_blocked, id=6088, stack(0x000000001c930000,0x000000001ca30000)]
  0x00000000193fc800 JavaThread "Service Thread" daemon [_thread_blocked, id=7644, stack(0x00000000197c0000,0x00000000198c0000)]
  0x00000000175bb000 JavaThread "C1 CompilerThread2" daemon [_thread_blocked, id=6568, stack(0x00000000192c0000,0x00000000193c0000)]
  0x00000000175ba000 JavaThread "C2 CompilerThread1" daemon [_thread_blocked, id=7800, stack(0x00000000191c0000,0x00000000192c0000)]
  0x00000000175b4000 JavaThread "C2 CompilerThread0" daemon [_thread_blocked, id=7880, stack(0x00000000190c0000,0x00000000191c0000)]
  0x00000000175a8800 JavaThread "JDWP Command Reader" daemon [_thread_in_native, id=3256, stack(0x0000000018fc0000,0x00000000190c0000)]
  0x00000000175a4000 JavaThread "JDWP Event Helper Thread" daemon [_thread_blocked, id=7884, stack(0x0000000018ec0000,0x0000000018fc0000)]
=>0x0000000017595000 JavaThread "JDWP Transport Listener: dt_socket" daemon [_thread_in_vm, id=5036, stack(0x0000000018dc0000,0x0000000018ec0000)]
  0x000000001758d800 JavaThread "Attach Listener" daemon [_thread_blocked, id=7956, stack(0x00000000189e0000,0x0000000018ae0000)]
  0x000000001758c000 JavaThread "Signal Dispatcher" daemon [_thread_blocked, id=7768, stack(0x00000000188e0000,0x00000000189e0000)]
  0x0000000002a43800 JavaThread "Finalizer" daemon [_thread_blocked, id=6716, stack(0x00000000187e0000,0x00000000188e0000)]
  0x0000000017557800 JavaThread "Reference Handler" daemon [_thread_blocked, id=3956, stack(0x00000000186e0000,0x00000000187e0000)]
  0x00000000028fe800 JavaThread "main" [_thread_blocked, id=4264, stack(0x0000000002790000,0x0000000002890000)]

Other Threads:
  0x0000000017556000 VMThread [stack: 0x00000000185e0000,0x00000000186e0000] [id=6956]
  0x00000000193fd000 WatcherThread [stack: 0x00000000198c0000,0x00000000199c0000] [id=8164]

VM state:not at safepoint (normal execution)

VM Mutex/Monitor currently owned by a thread: None

Heap:
 PSYoungGen      total 144896K, used 41725K [0x00000000d5e00000, 0x00000000e4900000, 0x0000000100000000)
  eden space 133120K, 31% used [0x00000000d5e00000,0x00000000d86bf760,0x00000000de000000)
  from space 11776K, 0% used [0x00000000de000000,0x00000000de000000,0x00000000deb80000)
  to   space 15872K, 0% used [0x00000000e3980000,0x00000000e3980000,0x00000000e4900000)
 ParOldGen       total 93184K, used 27196K [0x0000000081a00000, 0x0000000087500000, 0x00000000d5e00000)
  object space 93184K, 29% used [0x0000000081a00000,0x000000008348f338,0x0000000087500000)
 Metaspace       used 37865K, capacity 38644K, committed 39080K, reserved 1083392K
  class space    used 4531K, capacity 4745K, committed 4776K, reserved 1048576K

Card table byte_map: [0x0000000011e10000,0x0000000012210000] byte_map_base: 0x0000000011a03000

Marking Bits: (ParMarkBitMap*) 0x000000006c9ed4f0
 Begin Bits: [0x00000000128c0000, 0x0000000014858000)
 End Bits:   [0x0000000014858000, 0x00000000167f0000)

Polling page: 0x0000000000e70000

CodeCache: size=245760Kb used=14176Kb max_used=15377Kb free=231583Kb
 bounds [0x0000000002a50000, 0x0000000003960000, 0x0000000011a50000]
 total_blobs=4676 nmethods=4238 adapters=359
 compilation: enabled

Compilation events (10 events):
Event: 468.348 Thread 0x00000000175bb000 5071       3       java.util.Collections$UnmodifiableCollection::isEmpty (10 bytes)
Event: 468.348 Thread 0x00000000175bb000 nmethod 5071 0x00000000038eab10 code [0x00000000038eac80, 0x00000000038eaea8]
Event: 468.348 Thread 0x00000000175bb000 5074       1       org.springframework.web.util.UrlPathHelper::getDefaultEncoding (5 bytes)
Event: 468.348 Thread 0x00000000175bb000 nmethod 5074 0x0000000002f171d0 code [0x0000000002f17320, 0x0000000002f17430]
Event: 468.348 Thread 0x00000000175bb000 5073       1       org.apache.coyote.Request::requestURI (5 bytes)
Event: 468.348 Thread 0x00000000175bb000 nmethod 5073 0x0000000003530890 code [0x00000000035309e0, 0x0000000003530af0]
Event: 647.357 Thread 0x00000000175bb000 5077       1       org.apache.catalina.core.ContainerBase::access$100 (5 bytes)
Event: 647.357 Thread 0x00000000175bb000 nmethod 5077 0x00000000035305d0 code [0x0000000003530720, 0x0000000003530810]
Event: 647.357 Thread 0x00000000175bb000 5078       1       org.apache.catalina.loader.WebappClassLoader::getJarPath (5 bytes)
Event: 647.357 Thread 0x00000000175bb000 nmethod 5078 0x0000000003530310 code [0x0000000003530460, 0x0000000003530570]

GC Heap History (10 events):
Event: 4.676 GC heap before
{Heap before GC invocations=5 (full 0):
 PSYoungGen      total 71680K, used 71648K [0x00000000d5e00000, 0x00000000da900000, 0x0000000100000000)
  eden space 66560K, 100% used [0x00000000d5e00000,0x00000000d9f00000,0x00000000d9f00000)
  from space 5120K, 99% used [0x00000000da400000,0x00000000da8f8020,0x00000000da900000)
  to   space 5120K, 0% used [0x00000000d9f00000,0x00000000d9f00000,0x00000000da400000)
 ParOldGen       total 87552K, used 6939K [0x0000000081a00000, 0x0000000086f80000, 0x00000000d5e00000)
  object space 87552K, 7% used [0x0000000081a00000,0x00000000820c6ea0,0x0000000086f80000)
 Metaspace       used 19854K, capacity 20402K, committed 20736K, reserved 1067008K
  class space    used 2332K, capacity 2470K, committed 2560K, reserved 1048576K
Event: 4.695 GC heap after
Heap after GC invocations=5 (full 0):
 PSYoungGen      total 71680K, used 5104K [0x00000000d5e00000, 0x00000000df800000, 0x0000000100000000)
  eden space 66560K, 0% used [0x00000000d5e00000,0x00000000d5e00000,0x00000000d9f00000)
  from space 5120K, 99% used [0x00000000d9f00000,0x00000000da3fc010,0x00000000da400000)
  to   space 12288K, 0% used [0x00000000dec00000,0x00000000dec00000,0x00000000df800000)
 ParOldGen       total 87552K, used 13217K [0x0000000081a00000, 0x0000000086f80000, 0x00000000d5e00000)
  object space 87552K, 15% used [0x0000000081a00000,0x00000000826e85f0,0x0000000086f80000)
 Metaspace       used 19854K, capacity 20402K, committed 20736K, reserved 1067008K
  class space    used 2332K, capacity 2470K, committed 2560K, reserved 1048576K
}
Event: 4.915 GC heap before
{Heap before GC invocations=6 (full 0):
 PSYoungGen      total 71680K, used 11802K [0x00000000d5e00000, 0x00000000df800000, 0x0000000100000000)
  eden space 66560K, 10% used [0x00000000d5e00000,0x00000000d648aa58,0x00000000d9f00000)
  from space 5120K, 99% used [0x00000000d9f00000,0x00000000da3fc010,0x00000000da400000)
  to   space 12288K, 0% used [0x00000000dec00000,0x00000000dec00000,0x00000000df800000)
 ParOldGen       total 87552K, used 13217K [0x0000000081a00000, 0x0000000086f80000, 0x00000000d5e00000)
  object space 87552K, 15% used [0x0000000081a00000,0x00000000826e85f0,0x0000000086f80000)
 Metaspace       used 20565K, capacity 21162K, committed 21296K, reserved 1069056K
  class space    used 2410K, capacity 2571K, committed 2608K, reserved 1048576K
Event: 4.934 GC heap after
Heap after GC invocations=6 (full 0):
 PSYoungGen      total 144384K, used 6372K [0x00000000d5e00000, 0x00000000df700000, 0x0000000100000000)
  eden space 133120K, 0% used [0x00000000d5e00000,0x00000000d5e00000,0x00000000de000000)
  from space 11264K, 56% used [0x00000000dec00000,0x00000000df239180,0x00000000df700000)
  to   space 11776K, 0% used [0x00000000de000000,0x00000000de000000,0x00000000deb80000)
 ParOldGen       total 87552K, used 13217K [0x0000000081a00000, 0x0000000086f80000, 0x00000000d5e00000)
  object space 87552K, 15% used [0x0000000081a00000,0x00000000826e85f0,0x0000000086f80000)
 Metaspace       used 20565K, capacity 21162K, committed 21296K, reserved 1069056K
  class space    used 2410K, capacity 2571K, committed 2608K, reserved 1048576K
}
Event: 4.934 GC heap before
{Heap before GC invocations=7 (full 1):
 PSYoungGen      total 144384K, used 6372K [0x00000000d5e00000, 0x00000000df700000, 0x0000000100000000)
  eden space 133120K, 0% used [0x00000000d5e00000,0x00000000d5e00000,0x00000000de000000)
  from space 11264K, 56% used [0x00000000dec00000,0x00000000df239180,0x00000000df700000)
  to   space 11776K, 0% used [0x00000000de000000,0x00000000de000000,0x00000000deb80000)
 ParOldGen       total 87552K, used 13217K [0x0000000081a00000, 0x0000000086f80000, 0x00000000d5e00000)
  object space 87552K, 15% used [0x0000000081a00000,0x00000000826e85f0,0x0000000086f80000)
 Metaspace       used 20565K, capacity 21162K, committed 21296K, reserved 1069056K
  class space    used 2410K, capacity 2571K, committed 2608K, reserved 1048576K
Event: 5.018 GC heap after
Heap after GC invocations=7 (full 1):
 PSYoungGen      total 144384K, used 0K [0x00000000d5e00000, 0x00000000df700000, 0x0000000100000000)
  eden space 133120K, 0% used [0x00000000d5e00000,0x00000000d5e00000,0x00000000de000000)
  from space 11264K, 0% used [0x00000000dec00000,0x00000000dec00000,0x00000000df700000)
  to   space 11776K, 0% used [0x00000000de000000,0x00000000de000000,0x00000000deb80000)
 ParOldGen       total 67072K, used 15194K [0x0000000081a00000, 0x0000000085b80000, 0x00000000d5e00000)
  object space 67072K, 22% used [0x0000000081a00000,0x00000000828d6ae8,0x0000000085b80000)
 Metaspace       used 20565K, capacity 21162K, committed 21296K, reserved 1069056K
  class space    used 2410K, capacity 2571K, committed 2608K, reserved 1048576K
}
Event: 113.002 GC heap before
{Heap before GC invocations=8 (full 1):
 PSYoungGen      total 144384K, used 118511K [0x00000000d5e00000, 0x00000000df700000, 0x0000000100000000)
  eden space 133120K, 89% used [0x00000000d5e00000,0x00000000dd1bbf48,0x00000000de000000)
  from space 11264K, 0% used [0x00000000dec00000,0x00000000dec00000,0x00000000df700000)
  to   space 11776K, 0% used [0x00000000de000000,0x00000000de000000,0x00000000deb80000)
 ParOldGen       total 67072K, used 15194K [0x0000000081a00000, 0x0000000085b80000, 0x00000000d5e00000)
  object space 67072K, 22% used [0x0000000081a00000,0x00000000828d6ae8,0x0000000085b80000)
 Metaspace       used 34527K, capacity 35164K, committed 35496K, reserved 1081344K
  class space    used 4183K, capacity 4407K, committed 4520K, reserved 1048576K
Event: 113.026 GC heap after
Heap after GC invocations=8 (full 1):
 PSYoungGen      total 144896K, used 11748K [0x00000000d5e00000, 0x00000000e4900000, 0x0000000100000000)
  eden space 133120K, 0% used [0x00000000d5e00000,0x00000000d5e00000,0x00000000de000000)
  from space 11776K, 99% used [0x00000000de000000,0x00000000deb793c8,0x00000000deb80000)
  to   space 15872K, 0% used [0x00000000e3980000,0x00000000e3980000,0x00000000e4900000)
 ParOldGen       total 67072K, used 19381K [0x0000000081a00000, 0x0000000085b80000, 0x00000000d5e00000)
  object space 67072K, 28% used [0x0000000081a00000,0x0000000082ced7a8,0x0000000085b80000)
 Metaspace       used 34527K, capacity 35164K, committed 35496K, reserved 1081344K
  class space    used 4183K, capacity 4407K, committed 4520K, reserved 1048576K
}
Event: 113.026 GC heap before
{Heap before GC invocations=9 (full 2):
 PSYoungGen      total 144896K, used 11748K [0x00000000d5e00000, 0x00000000e4900000, 0x0000000100000000)
  eden space 133120K, 0% used [0x00000000d5e00000,0x00000000d5e00000,0x00000000de000000)
  from space 11776K, 99% used [0x00000000de000000,0x00000000deb793c8,0x00000000deb80000)
  to   space 15872K, 0% used [0x00000000e3980000,0x00000000e3980000,0x00000000e4900000)
 ParOldGen       total 67072K, used 19381K [0x0000000081a00000, 0x0000000085b80000, 0x00000000d5e00000)
  object space 67072K, 28% used [0x0000000081a00000,0x0000000082ced7a8,0x0000000085b80000)
 Metaspace       used 34527K, capacity 35164K, committed 35496K, reserved 1081344K
  class space    used 4183K, capacity 4407K, committed 4520K, reserved 1048576K
Event: 113.142 GC heap after
Heap after GC invocations=9 (full 2):
 PSYoungGen      total 144896K, used 0K [0x00000000d5e00000, 0x00000000e4900000, 0x0000000100000000)
  eden space 133120K, 0% used [0x00000000d5e00000,0x00000000d5e00000,0x00000000de000000)
  from space 11776K, 0% used [0x00000000de000000,0x00000000de000000,0x00000000deb80000)
  to   space 15872K, 0% used [0x00000000e3980000,0x00000000e3980000,0x00000000e4900000)
 ParOldGen       total 93184K, used 27196K [0x0000000081a00000, 0x0000000087500000, 0x00000000d5e00000)
  object space 93184K, 29% used [0x0000000081a00000,0x000000008348f338,0x0000000087500000)
 Metaspace       used 34526K, capacity 35162K, committed 35496K, reserved 1081344K
  class space    used 4182K, capacity 4406K, committed 4520K, reserved 1048576K
}

Deoptimization events (10 events):
Event: 187.528 Thread 0x000000001e909800 Uncommon trap: reason=unhandled action=none pc=0x00000000036704dc method=java.net.URLClassLoader$1.run()Ljava/lang/Class; @ 72
Event: 187.529 Thread 0x000000001e909800 Uncommon trap: reason=unhandled action=none pc=0x00000000036704dc method=java.net.URLClassLoader$1.run()Ljava/lang/Class; @ 72
Event: 187.529 Thread 0x000000001e909800 Uncommon trap: reason=unhandled action=none pc=0x00000000036704dc method=java.net.URLClassLoader$1.run()Ljava/lang/Class; @ 72
Event: 187.531 Thread 0x000000001e909800 Uncommon trap: reason=unhandled action=none pc=0x00000000036704dc method=java.net.URLClassLoader$1.run()Ljava/lang/Class; @ 72
Event: 187.534 Thread 0x000000001e909800 Uncommon trap: reason=unhandled action=none pc=0x00000000036704dc method=java.net.URLClassLoader$1.run()Ljava/lang/Class; @ 72
Event: 187.535 Thread 0x000000001e909800 Uncommon trap: reason=unhandled action=none pc=0x00000000036704dc method=java.net.URLClassLoader$1.run()Ljava/lang/Class; @ 72
Event: 187.535 Thread 0x000000001e909800 Uncommon trap: reason=unhandled action=none pc=0x00000000036704dc method=java.net.URLClassLoader$1.run()Ljava/lang/Class; @ 72
Event: 187.536 Thread 0x000000001e909800 Uncommon trap: reason=unhandled action=none pc=0x00000000036704dc method=java.net.URLClassLoader$1.run()Ljava/lang/Class; @ 72
Event: 187.536 Thread 0x000000001e909800 Uncommon trap: reason=unhandled action=none pc=0x00000000036704dc method=java.net.URLClassLoader$1.run()Ljava/lang/Class; @ 72
Event: 353.006 Thread 0x000000001e909800 Uncommon trap: reason=speculate_class_check action=maybe_recompile pc=0x00000000032137c0 method=java.nio.charset.CharsetDecoder.reset()Ljava/nio/charset/CharsetDecoder; @ 1

Internal exceptions (10 events):
Event: 238.776 Thread 0x000000001e909800 Exception <a 'java/lang/NullPointerException'> (0x00000000d774ef70) thrown at [C:\workspace\8-2-build-windows-amd64-cygwin\jdk8u31\2394\hotspot\src\share\vm\interpreter\linkResolver.cpp, line 1178]
Event: 240.345 Thread 0x000000001e909800 Exception <a 'java/lang/NullPointerException'> (0x00000000d774f390) thrown at [C:\workspace\8-2-build-windows-amd64-cygwin\jdk8u31\2394\hotspot\src\share\vm\interpreter\linkResolver.cpp, line 1178]
Event: 248.278 Thread 0x000000001e909800 Exception <a 'java/lang/NullPointerException'> (0x00000000d7a8a178) thrown at [C:\workspace\8-2-build-windows-amd64-cygwin\jdk8u31\2394\hotspot\src\share\vm\interpreter\linkResolver.cpp, line 1178]
Event: 249.336 Thread 0x000000001e909800 Exception <a 'java/lang/NullPointerException'> (0x00000000d7a8a598) thrown at [C:\workspace\8-2-build-windows-amd64-cygwin\jdk8u31\2394\hotspot\src\share\vm\interpreter\linkResolver.cpp, line 1178]
Event: 259.764 Thread 0x000000001e909800 Exception <a 'java/lang/NullPointerException'> (0x00000000d7a8af50) thrown at [C:\workspace\8-2-build-windows-amd64-cygwin\jdk8u31\2394\hotspot\src\share\vm\interpreter\linkResolver.cpp, line 1178]
Event: 260.636 Thread 0x000000001e909800 Exception <a 'java/lang/NullPointerException'> (0x00000000d7a8b370) thrown at [C:\workspace\8-2-build-windows-amd64-cygwin\jdk8u31\2394\hotspot\src\share\vm\interpreter\linkResolver.cpp, line 1178]
Event: 276.284 Thread 0x000000001e909800 Exception <a 'java/lang/NoSuchMethodError': javax.servlet.http.HttpServletResponse.getStatus()I> (0x00000000d7a9d988) thrown at [C:\workspace\8-2-build-windows-amd64-cygwin\jdk8u31\2394\hotspot\src\share\vm\interpreter\linkResolver.cpp, line 659]
Event: 336.315 Thread 0x000000001e909800 Exception <a 'java/net/SocketTimeoutException': Read timed out> (0x00000000d7aaee18) thrown at [C:\workspace\8-2-build-windows-amd64-cygwin\jdk8u31\2394\hotspot\src\share\vm\prims\jni.cpp, line 742]
Event: 468.317 Thread 0x000000001e909800 Exception <a 'java/lang/NoSuchMethodError': javax.servlet.http.HttpServletResponse.getStatus()I> (0x00000000d85f5d98) thrown at [C:\workspace\8-2-build-windows-amd64-cygwin\jdk8u31\2394\hotspot\src\share\vm\interpreter\linkResolver.cpp, line 659]
Event: 528.347 Thread 0x000000001e909800 Exception <a 'java/net/SocketTimeoutException': Read timed out> (0x00000000d86073f0) thrown at [C:\workspace\8-2-build-windows-amd64-cygwin\jdk8u31\2394\hotspot\src\share\vm\prims\jni.cpp, line 742]

Events (10 events):
Event: 468.292 Thread 0x00000000175bb000 flushing nmethod 0x0000000002f783d0
Event: 468.292 Thread 0x00000000175bb000 flushing nmethod 0x0000000002fa6ad0
Event: 468.293 Thread 0x00000000175bb000 flushing nmethod 0x0000000002fc6150
Event: 468.294 Thread 0x00000000175bb000 flushing nmethod 0x00000000030c2950
Event: 468.298 Thread 0x00000000175bb000 flushing nmethod 0x00000000031d94d0
Event: 468.308 Thread 0x00000000175bb000 flushing nmethod 0x000000000364ae90
Event: 468.309 Thread 0x00000000175bb000 flushing nmethod 0x00000000036f0f10
Event: 468.311 Thread 0x00000000175bb000 flushing nmethod 0x000000000379dfd0
Event: 732.124 Executing VM operation: RedefineClasses
Event: 732.159 Executing VM operation: RedefineClasses done


Dynamic libraries:
0x00007ff7629a0000 - 0x00007ff7629d4000 	C:\Program Files\Java\jre1.8.0_31\bin\javaw.exe
0x00007ffc752d0000 - 0x00007ffc7547c000 	C:\WINDOWS\SYSTEM32\ntdll.dll
0x00007ffc72b30000 - 0x00007ffc72c6e000 	C:\WINDOWS\system32\KERNEL32.DLL
0x00007ffc72600000 - 0x00007ffc72715000 	C:\WINDOWS\system32\KERNELBASE.dll
0x00007ffc70fc0000 - 0x00007ffc7104e000 	C:\WINDOWS\system32\apphelp.dll
0x00007ffc66ff0000 - 0x00007ffc67043000 	C:\WINDOWS\AppPatch\AppPatch64\AcGenral.DLL
0x00007ffc75070000 - 0x00007ffc7511a000 	C:\WINDOWS\system32\msvcrt.dll
0x00007ffc722c0000 - 0x00007ffc722ee000 	C:\WINDOWS\SYSTEM32\SspiCli.dll
0x00007ffc72ad0000 - 0x00007ffc72b24000 	C:\WINDOWS\system32\SHLWAPI.dll
0x00007ffc74670000 - 0x00007ffc747e7000 	C:\WINDOWS\system32\USER32.dll
0x00007ffc72e90000 - 0x00007ffc73024000 	C:\WINDOWS\system32\ole32.dll
0x00007ffc73090000 - 0x00007ffc745a8000 	C:\WINDOWS\system32\SHELL32.dll
0x00007ffc71a40000 - 0x00007ffc71a61000 	C:\WINDOWS\SYSTEM32\USERENV.dll
0x00007ffc745c0000 - 0x00007ffc7466a000 	C:\WINDOWS\system32\ADVAPI32.dll
0x00007ffc6a060000 - 0x00007ffc6a07e000 	C:\WINDOWS\SYSTEM32\MPR.dll
0x00007ffc75120000 - 0x00007ffc75261000 	C:\WINDOWS\system32\RPCRT4.dll
0x00007ffc75270000 - 0x00007ffc752c9000 	C:\WINDOWS\SYSTEM32\sechost.dll
0x00007ffc72c70000 - 0x00007ffc72e81000 	C:\WINDOWS\SYSTEM32\combase.dll
0x00007ffc749b0000 - 0x00007ffc74b01000 	C:\WINDOWS\system32\GDI32.dll
0x00007ffc72420000 - 0x00007ffc72435000 	C:\WINDOWS\SYSTEM32\profapi.dll
0x00007ffc709f0000 - 0x00007ffc70aa2000 	C:\WINDOWS\SYSTEM32\SHCORE.dll
0x00007ffc72a90000 - 0x00007ffc72ac6000 	C:\WINDOWS\system32\IMM32.DLL
0x00007ffc747f0000 - 0x00007ffc74943000 	C:\WINDOWS\system32\MSCTF.dll
0x00007ffc70100000 - 0x00007ffc7037b000 	C:\WINDOWS\WinSxS\amd64_microsoft.windows.common-controls_6595b64144ccf1df_6.0.9600.17415_none_6240486fecbd8abb\COMCTL32.dll
0x000000006bec0000 - 0x000000006bf92000 	C:\Program Files\Java\jre1.8.0_31\bin\msvcr100.dll
0x000000006c210000 - 0x000000006ca6a000 	C:\Program Files\Java\jre1.8.0_31\bin\server\jvm.dll
0x00007ffc66230000 - 0x00007ffc66239000 	C:\WINDOWS\SYSTEM32\WSOCK32.dll
0x00007ffc6c3c0000 - 0x00007ffc6c3e2000 	C:\WINDOWS\SYSTEM32\WINMM.dll
0x00007ffc75060000 - 0x00007ffc75067000 	C:\WINDOWS\system32\PSAPI.DLL
0x00007ffc74950000 - 0x00007ffc749aa000 	C:\WINDOWS\system32\WS2_32.dll
0x00007ffc6c390000 - 0x00007ffc6c3ba000 	C:\WINDOWS\SYSTEM32\WINMMBASE.dll
0x00007ffc74f90000 - 0x00007ffc74f99000 	C:\WINDOWS\system32\NSI.dll
0x00007ffc72720000 - 0x00007ffc7276f000 	C:\WINDOWS\SYSTEM32\cfgmgr32.dll
0x00007ffc71210000 - 0x00007ffc71238000 	C:\WINDOWS\SYSTEM32\DEVOBJ.dll
0x000000006c200000 - 0x000000006c20f000 	C:\Program Files\Java\jre1.8.0_31\bin\verify.dll
0x000000006c1d0000 - 0x000000006c1f8000 	C:\Program Files\Java\jre1.8.0_31\bin\java.dll
0x000000006be80000 - 0x000000006beb5000 	C:\Program Files\Java\jre1.8.0_31\bin\jdwp.dll
0x000000006be70000 - 0x000000006be78000 	C:\Program Files\Java\jre1.8.0_31\bin\npt.dll
0x000000006c1b0000 - 0x000000006c1c6000 	C:\Program Files\Java\jre1.8.0_31\bin\zip.dll
0x000000006be60000 - 0x000000006be69000 	C:\Program Files\Java\jre1.8.0_31\bin\dt_socket.dll
0x00007ffc59330000 - 0x00007ffc59345000 	C:\WINDOWS\system32\napinsp.dll
0x00007ffc59910000 - 0x00007ffc5992a000 	C:\WINDOWS\system32\pnrpnsp.dll
0x00007ffc6ca00000 - 0x00007ffc6ca1b000 	C:\WINDOWS\system32\NLAapi.dll
0x00007ffc71d00000 - 0x00007ffc71d59000 	C:\WINDOWS\System32\mswsock.dll
0x00007ffc71b00000 - 0x00007ffc71ba4000 	C:\WINDOWS\SYSTEM32\DNSAPI.dll
0x00007ffc59320000 - 0x00007ffc5932d000 	C:\WINDOWS\System32\winrnr.dll
0x00007ffc59350000 - 0x00007ffc59364000 	C:\WINDOWS\system32\wshbth.dll
0x00007ffc6b1d0000 - 0x00007ffc6b23b000 	C:\WINDOWS\System32\fwpuclnt.dll
0x00007ffc65fc0000 - 0x00007ffc65fca000 	C:\Windows\System32\rasadhlp.dll
0x000000006c190000 - 0x000000006c1aa000 	C:\Program Files\Java\jre1.8.0_31\bin\net.dll
0x000000006c170000 - 0x000000006c181000 	C:\Program Files\Java\jre1.8.0_31\bin\nio.dll
0x000000006be50000 - 0x000000006be5d000 	C:\Program Files\Java\jre1.8.0_31\bin\management.dll
0x000000006c140000 - 0x000000006c164000 	C:\Program Files\Java\jre1.8.0_31\bin\sunec.dll
0x00007ffc71d60000 - 0x00007ffc71d80000 	C:\WINDOWS\SYSTEM32\CRYPTSP.dll
0x00007ffc71930000 - 0x00007ffc71966000 	C:\WINDOWS\system32\rsaenh.dll
0x00007ffc71fb0000 - 0x00007ffc71fd6000 	C:\WINDOWS\SYSTEM32\bcrypt.dll
0x00007ffc722f0000 - 0x00007ffc72353000 	C:\WINDOWS\system32\bcryptprimitives.dll
0x00007ffc72360000 - 0x00007ffc7236b000 	C:\WINDOWS\SYSTEM32\CRYPTBASE.dll
0x00007ffc6c5a0000 - 0x00007ffc6c5ca000 	C:\WINDOWS\SYSTEM32\IPHLPAPI.DLL
0x00007ffc6c070000 - 0x00007ffc6c07a000 	C:\WINDOWS\SYSTEM32\WINNSI.DLL
0x00007ffc6b1a0000 - 0x00007ffc6b1b6000 	C:\WINDOWS\SYSTEM32\dhcpcsvc6.DLL
0x00007ffc6b180000 - 0x00007ffc6b19a000 	C:\WINDOWS\SYSTEM32\dhcpcsvc.DLL
0x00007ffc59060000 - 0x00007ffc591ea000 	C:\WINDOWS\SYSTEM32\dbghelp.dll

VM Arguments:
jvm_args: -agentlib:jdwp=transport=dt_socket,suspend=y,address=localhost:63904 -Dmaven.home=EMBEDDED -Dclassworlds.conf=F:\Estudos\workspace\.metadata\.plugins\org.eclipse.m2e.launching\launches\m2conf2488550568930568167.tmp -Dmaven.multiModuleProjectDirectory=C:\WINDOWS\system32\${workspace_loc:\instaSearch} -Dfile.encoding=UTF-8 
java_command: org.codehaus.plexus.classworlds.launcher.Launcher -B tomcat:run
java_class_path (initial): /C:/Users/Michel/.p2/pool/plugins/org.eclipse.m2e.maven.runtime_1.6.2.20150902-0001/jars/plexus-classworlds-2.5.2.jar
Launcher Type: SUN_STANDARD

Environment Variables:
JAVA_HOME=C:\Program Files\Java\jdk1.8.0_25
CLASSPATH=.;C:\Program Files\Java\jdk1.8.0_25\lib;C:\Program Files\Java\jdk1.8.0_25\lib\tools.jar;C:\Program Files\Java\jdk1.8.0_25\lib\dt.jar;C:\Program Files\Java\jdk1.8.0_25\lib\htmlconverter.jar;C:\Program Files\Java\jdk1.8.0_25\jre\lib;C:\Program Files\Java\jdk1.8.0_25\jre\lib\rt.jar
PATH=C:/Program Files/Java/jre1.8.0_31/bin/server;C:/Program Files/Java/jre1.8.0_31/bin;C:/Program Files/Java/jre1.8.0_31/lib/amd64;C:\ProgramData\Oracle\Java\javapath;C:\Program Files (x86)\Intel\iCLS Client\;C:\Program Files\Intel\iCLS Client\;C:\WINDOWS\system32;C:\WINDOWS;C:\WINDOWS\System32\Wbem;C:\WINDOWS\System32\WindowsPowerShell\v1.0\;C:\Program Files (x86)\ATI Technologies\ATI.ACE\Core-Static;%JAVA_HOME\bin;C:\Program Files (x86)\AMD\ATI.ACE\Core-Static;C:\Program Files (x86)\Heroku\bin;C:\Program Files (x86)\git\cmd;C:\Program Files\Intel\Intel(R) Management Engine Components\DAL;C:\Program Files (x86)\Intel\Intel(R) Management Engine Components\DAL;C:\Program Files\Intel\Intel(R) Management Engine Components\IPT;C:\Program Files (x86)\Intel\Intel(R) Management Engine Components\IPT;C:\Program Files\TortoiseSVN\bin;C:\Program Files (x86)\Skype\Phone\;C:\Program Files\Git\cmd;C:\WINDOWS\system32\config\systemprofile\.dnx\bin;C:\Program Files\Microsoft DNX\Dnvm\;C:\Program Files\Microsoft SQL Server\130\Tools\Binn\;C:\WINDOWS\system32;
USERNAME=Michel
OS=Windows_NT
PROCESSOR_IDENTIFIER=Intel64 Family 6 Model 69 Stepping 1, GenuineIntel



---------------  S Y S T E M  ---------------

OS: Windows 8.1 , 64 bit Build 9600 

CPU:total 4 (2 cores per cpu, 2 threads per core) family 6 model 69 stepping 1, cmov, cx8, fxsr, mmx, sse, sse2, sse3, ssse3, sse4.1, sse4.2, popcnt, avx, avx2, aes, clmul, erms, lzcnt, ht, tsc, tscinvbit, bmi1, bmi2

Memory: 4k page, physical 8274284k(3895428k free), swap 8274284k(2508016k free)

vm_info: Java HotSpot(TM) 64-Bit Server VM (25.31-b07) for windows-amd64 JRE (1.8.0_31-b13), built on Dec 17 2014 21:00:28 by "java_re" with MS VC++ 10.0 (VS2010)

time: Sun May 22 14:30:22 2016
elapsed time: 732 seconds (0d 0h 12m 12s)

